生成启动时间为 2016/1/22 19:22:32。
     1>项目“C:\Users\happy\Documents\C_program\test\test\test.vcxproj”在节点 2 上(Build 个目标)。
     1>ClCompile:
         C:\Program Files (x86)\Microsoft Visual Studio 12.0\VC\bin\CL.exe /c /ZI /nologo /W3 /WX- /sdl /Od /Oy- /D WIN32 /D _DEBUG /D _CONSOLE /D _LIB /D _UNICODE /D UNICODE /Gm /EHsc /RTC1 /MDd /GS /fp:precise /Zc:wchar_t /Zc:forScope /Yu"stdafx.h" /Fp"Debug\test.pch" /Fo"Debug\\" /Fd"Debug\vc120.pdb" /Gd /TP /analyze- /errorReport:prompt test.cpp
         test.cpp
     1>c:\users\happy\documents\c_program\test\test\test.cpp(556): error C2144: 语法错误:“void”的前面应有“)”
     1>c:\users\happy\documents\c_program\test\test\test.cpp(556): error C2660: “wmain”: 函数不接受 0 个参数
     1>c:\users\happy\documents\c_program\test\test\test.cpp(556): error C2059: 语法错误:“)”
     1>已完成生成项目“C:\Users\happy\Documents\C_program\test\test\test.vcxproj”(Build 个目标)的操作 - 失败。

生成失败。

已用时间 00:00:00.52
